<?xml version="1.0" encoding="UTF-8"?>
<!-- Generated by org.testng.reporters.JUnitXMLReporter -->
<testsuite ignored="0" hostname="Manjunath-J" failures="0" tests="4" name="Test" time="0.062" errors="0" timestamp="2026-04-03T17:53:09 IST">
  <testcase classname="p1.CreateTest" name="createcontactTest" time="0.009"/>
  <testcase classname="p1.CreateTest" name="modifycontactTest" time="0.001"/>
  <testcase classname="P2.CreateOrgTest" name="createorgTest" time="0.001"/>
  <testcase classname="P2.CreateOrgTest" name="modifyorgTest" time="0.001"/>
</testsuite> <!-- Test -->
