<?xml version="1.0" encoding="UTF-8"?>
<testng-results ignored="0" total="2" passed="2" failed="0" skipped="0">
  <reporter-output>
  </reporter-output>
  <suite started-at="2026-04-06T17:37:17 IST" name="Default suite" finished-at="2026-04-06T17:37:17 IST" duration-ms="59">
    <groups>
    </groups>
    <test started-at="2026-04-06T17:37:17 IST" name="Default test" finished-at="2026-04-06T17:37:17 IST" duration-ms="59">
      <class name="p1.CreateTest">
        <test-method signature="createcontactTest()[pri:0, instance:p1.CreateTest@3023df74]" started-at="2026-04-06T17:37:17 IST" name="createcontactTest" finished-at="2026-04-06T17:37:17 IST" duration-ms="10" status="PASS">
          <reporter-output>
          </reporter-output>
        </test-method> <!-- createcontactTest -->
        <test-method signature="modifycontactTest()[pri:0, instance:p1.CreateTest@3023df74]" started-at="2026-04-06T17:37:17 IST" name="modifycontactTest" finished-at="2026-04-06T17:37:17 IST" duration-ms="2" status="PASS">
          <reporter-output>
          </reporter-output>
        </test-method> <!-- modifycontactTest -->
      </class> <!-- p1.CreateTest -->
    </test> <!-- Default test -->
  </suite> <!-- Default suite -->
</testng-results>
