<?xml version="1.0" encoding="UTF-8"?>
<testng-results ignored="0" total="4" passed="4" failed="0" skipped="0">
  <reporter-output>
  </reporter-output>
  <suite started-at="2026-04-03T17:53:09 IST" name="Suite" finished-at="2026-04-03T17:53:09 IST" duration-ms="62">
    <groups>
    </groups>
    <test started-at="2026-04-03T17:53:09 IST" name="Test" finished-at="2026-04-03T17:53:09 IST" duration-ms="62">
      <class name="P2.CreateOrgTest">
        <test-method signature="createorgTest()[pri:0, instance:P2.CreateOrgTest@6302bbb1]" started-at="2026-04-03T17:53:09 IST" name="createorgTest" finished-at="2026-04-03T17:53:09 IST" duration-ms="1" status="PASS">
          <reporter-output>
          </reporter-output>
        </test-method> <!-- createorgTest -->
        <test-method signature="modifyorgTest()[pri:0, instance:P2.CreateOrgTest@6302bbb1]" started-at="2026-04-03T17:53:09 IST" name="modifyorgTest" finished-at="2026-04-03T17:53:09 IST" duration-ms="1" status="PASS">
          <reporter-output>
          </reporter-output>
        </test-method> <!-- modifyorgTest -->
      </class> <!-- P2.CreateOrgTest -->
      <class name="p1.CreateTest">
        <test-method signature="createcontactTest()[pri:0, instance:p1.CreateTest@35d019a3]" started-at="2026-04-03T17:53:09 IST" name="createcontactTest" finished-at="2026-04-03T17:53:09 IST" duration-ms="9" status="PASS">
          <reporter-output>
          </reporter-output>
        </test-method> <!-- createcontactTest -->
        <test-method signature="modifycontactTest()[pri:0, instance:p1.CreateTest@35d019a3]" started-at="2026-04-03T17:53:09 IST" name="modifycontactTest" finished-at="2026-04-03T17:53:09 IST" duration-ms="1" status="PASS">
          <reporter-output>
          </reporter-output>
        </test-method> <!-- modifycontactTest -->
      </class> <!-- p1.CreateTest -->
    </test> <!-- Test -->
  </suite> <!-- Suite -->
</testng-results>
